# JRE version: OpenJDK Runtime Environment (21.0.5) (build 21.0.5+-12932927-b750.29)
# Java VM: OpenJDK 64-Bit Server VM (21.0.5+-12932927-b750.29, mixed mode, tiered, compressed oops, compressed class ptrs, g1 gc, windows-amd64)
GC Precious Log:
 CardTable entry size: 512
 Card Set container configuration: InlinePtr #cards 5 size 8 Array Of Cards #cards 12 size 40 Howl #buckets 4 coarsen threshold 1843 Howl Bitmap #cards 512 size 80 coarsen threshold 460 Card regions per heap region 1 cards per card region 2048
 CPUs: 2 total, 2 available
 Memory: 7833M
 Large Page Support: Disabled
 NUMA Support: Disabled
 Compressed Oops: Enabled (32-bit)
 Heap Region Size: 1M
 Heap Min Capacity: 8M
 Heap Initial Capacity: 124M
 Heap Max Capacity: 2G
 Pre-touch: Disabled
 Parallel Workers: 2
 Concurrent Workers: 1
 Concurrent Refinement Workers: 2
 Periodic GC: Disabled
Heap:
 garbage-first heap   total 217088K, used 142336K [0x0000000080000000, 0x0000000100000000)
  region size 1024K, 13 young (13312K), 7 survivors (7168K)
 Metaspace       used 134964K, committed 137152K, reserved 1179648K
  class space    used 17036K, committed 18112K, reserved 1048576K
GC Heap History (20 events):
Event: 34.620 GC heap before
{Heap before GC invocations=34 (full 0):
 garbage-first heap   total 155648K, used 130560K [0x0000000080000000, 0x0000000100000000)
  region size 1024K, 31 young (31744K), 1 survivors (1024K)
 Metaspace       used 85095K, committed 86784K, reserved 1179648K
  class space    used 11453K, committed 12288K, reserved 1048576K
}
Event: 34.643 GC heap after
{Heap after GC invocations=35 (full 0):
 garbage-first heap   total 155648K, used 102753K [0x0000000080000000, 0x0000000100000000)
  region size 1024K, 4 young (4096K), 4 survivors (4096K)
 Metaspace       used 85095K, committed 86784K, reserved 1179648K
  class space    used 11453K, committed 12288K, reserved 1048576K
}
Event: 36.075 GC heap before
{Heap before GC invocations=35 (full 0):
 garbage-first heap   total 155648K, used 141665K [0x0000000080000000, 0x0000000100000000)
  region size 1024K, 42 young (43008K), 4 survivors (4096K)
 Metaspace       used 89921K, committed 91840K, reserved 1179648K
  class space    used 11976K, committed 12928K, reserved 1048576K
}
Event: 36.094 GC heap after
{Heap after GC invocations=36 (full 0):
 garbage-first heap   total 155648K, used 104091K [0x0000000080000000, 0x0000000100000000)
  region size 1024K, 5 young (5120K), 5 survivors (5120K)
 Metaspace       used 89921K, committed 91840K, reserved 1179648K
  class space    used 11976K, committed 12928K, reserved 1048576K
}
Event: 37.529 GC heap before
{Heap before GC invocations=36 (full 0):
 garbage-first heap   total 155648K, used 140955K [0x0000000080000000, 0x0000000100000000)
  region size 1024K, 41 young (41984K), 5 survivors (5120K)
 Metaspace       used 94291K, committed 96320K, reserved 1179648K
  class space    used 12498K, committed 13504K, reserved 1048576K
}
Event: 37.550 GC heap after
{Heap after GC invocations=37 (full 0):
 garbage-first heap   total 192512K, used 106910K [0x0000000080000000, 0x0000000100000000)
  region size 1024K, 5 young (5120K), 5 survivors (5120K)
 Metaspace       used 94291K, committed 96320K, reserved 1179648K
  class space    used 12498K, committed 13504K, reserved 1048576K
}
Event: 42.285 GC heap before
{Heap before GC invocations=38 (full 0):
 garbage-first heap   total 192512K, used 175518K [0x0000000080000000, 0x0000000100000000)
  region size 1024K, 71 young (72704K), 5 survivors (5120K)
 Metaspace       used 99988K, committed 101952K, reserved 1179648K
  class space    used 13173K, committed 14144K, reserved 1048576K
}
Event: 42.309 GC heap after
{Heap after GC invocations=39 (full 0):
 garbage-first heap   total 192512K, used 110802K [0x0000000080000000, 0x0000000100000000)
  region size 1024K, 9 young (9216K), 9 survivors (9216K)
 Metaspace       used 99988K, committed 101952K, reserved 1179648K
  class space    used 13173K, committed 14144K, reserved 1048576K
}
Event: 45.157 GC heap before
{Heap before GC invocations=39 (full 0):
 garbage-first heap   total 192512K, used 172242K [0x0000000080000000, 0x0000000100000000)
  region size 1024K, 69 young (70656K), 9 survivors (9216K)
 Metaspace       used 105204K, committed 107136K, reserved 1179648K
  class space    used 13700K, committed 14656K, reserved 1048576K
}
Event: 45.197 GC heap after
{Heap after GC invocations=40 (full 0):
 garbage-first heap   total 192512K, used 114176K [0x0000000080000000, 0x0000000100000000)
  region size 1024K, 9 young (9216K), 9 survivors (9216K)
 Metaspace       used 105204K, committed 107136K, reserved 1179648K
  class space    used 13700K, committed 14656K, reserved 1048576K
}
Event: 47.733 GC heap before
{Heap before GC invocations=40 (full 0):
 garbage-first heap   total 192512K, used 172544K [0x0000000080000000, 0x0000000100000000)
  region size 1024K, 66 young (67584K), 9 survivors (9216K)
 Metaspace       used 113299K, committed 115264K, reserved 1179648K
  class space    used 14513K, committed 15488K, reserved 1048576K
}
Event: 47.761 GC heap after
{Heap after GC invocations=41 (full 0):
 garbage-first heap   total 192512K, used 116634K [0x0000000080000000, 0x0000000100000000)
  region size 1024K, 7 young (7168K), 7 survivors (7168K)
 Metaspace       used 113299K, committed 115264K, reserved 1179648K
  class space    used 14513K, committed 15488K, reserved 1048576K
}
Event: 53.728 GC heap before
{Heap before GC invocations=42 (full 0):
 garbage-first heap   total 194560K, used 173978K [0x0000000080000000, 0x0000000100000000)
  region size 1024K, 64 young (65536K), 7 survivors (7168K)
 Metaspace       used 121970K, committed 123968K, reserved 1179648K
  class space    used 15455K, committed 16448K, reserved 1048576K
}
Event: 53.750 GC heap after
{Heap after GC invocations=43 (full 0):
 garbage-first heap   total 194560K, used 118664K [0x0000000080000000, 0x0000000100000000)
  region size 1024K, 4 young (4096K), 4 survivors (4096K)
 Metaspace       used 121970K, committed 123968K, reserved 1179648K
  class space    used 15455K, committed 16448K, reserved 1048576K
}
Event: 56.202 GC heap before
{Heap before GC invocations=43 (full 0):
 garbage-first heap   total 194560K, used 181128K [0x0000000080000000, 0x0000000100000000)
  region size 1024K, 64 young (65536K), 4 survivors (4096K)
 Metaspace       used 122577K, committed 124608K, reserved 1179648K
  class space    used 15485K, committed 16512K, reserved 1048576K
}
Event: 56.240 GC heap after
{Heap after GC invocations=44 (full 0):
 garbage-first heap   total 194560K, used 124329K [0x0000000080000000, 0x0000000100000000)
  region size 1024K, 8 young (8192K), 8 survivors (8192K)
 Metaspace       used 122577K, committed 124608K, reserved 1179648K
  class space    used 15485K, committed 16512K, reserved 1048576K
}
Event: 61.173 GC heap before
{Heap before GC invocations=44 (full 0):
 garbage-first heap   total 194560K, used 175529K [0x0000000080000000, 0x0000000100000000)
  region size 1024K, 58 young (59392K), 8 survivors (8192K)
 Metaspace       used 127812K, committed 129792K, reserved 1179648K
  class space    used 16178K, committed 17152K, reserved 1048576K
}
Event: 61.244 GC heap after
{Heap after GC invocations=45 (full 0):
 garbage-first heap   total 194560K, used 130048K [0x0000000080000000, 0x0000000100000000)
  region size 1024K, 5 young (5120K), 5 survivors (5120K)
 Metaspace       used 127812K, committed 129792K, reserved 1179648K
  class space    used 16178K, committed 17152K, reserved 1048576K
}
Event: 67.207 GC heap before
{Heap before GC invocations=46 (full 0):
 garbage-first heap   total 217088K, used 177152K [0x0000000080000000, 0x0000000100000000)
  region size 1024K, 51 young (52224K), 5 survivors (5120K)
 Metaspace       used 134055K, committed 136128K, reserved 1179648K
  class space    used 16944K, committed 17984K, reserved 1048576K
}
Event: 67.237 GC heap after
{Heap after GC invocations=47 (full 0):
 garbage-first heap   total 217088K, used 137216K [0x0000000080000000, 0x0000000100000000)
  region size 1024K, 7 young (7168K), 7 survivors (7168K)
 Metaspace       used 134055K, committed 136128K, reserved 1179648K
  class space    used 16944K, committed 17984K, reserved 1048576K
}

